CONFIG 2026-03-23 11:30:46,254 [main][Log4J2Logger.java:215] : Logging policy: Log4J2
CONFIG 2026-03-23 11:30:46,351 [main][Log4J2Logger.java:189] : Factory implementations for category GridCoverageFactory:
  org.geotools.coverage.grid.GridCoverageFactory
CONFIG 2026-03-23 11:30:46,512 [main][Log4J2Logger.java:189] : Factory implementations for category FilterFactory:
  org.geotools.filter.FilterFactoryImpl
CONFIG 2026-03-23 11:30:46,523 [main][Log4J2Logger.java:189] : Factory implementations for category StyleFactory:
  org.geotools.styling.StyleFactoryImpl
CONFIG 2026-03-23 11:30:46,527 [main][Log4J2Logger.java:189] : Factory implementations for category FeatureFactory:
  org.geotools.feature.LenientFeatureFactoryImpl
  org.geotools.feature.ValidatingFeatureFactoryImpl
DEBUG 2026-03-23 11:30:46,738 [main][Log4J2Logger.java:220] : Extension lookup 'XStreamPersisterInitializer', prior to bean geoserverExtensions initialisation.
DEBUG 2026-03-23 11:30:46,739 [main][Log4J2Logger.java:220] : Extension lookup 'ExtensionFilter', prior to bean geoserverExtensions initialisation.
DEBUG 2026-03-23 11:30:46,741 [main][Log4J2Logger.java:220] : Extension lookup 'ExtensionProvider', but provided ApplicationContext is unset.
DEBUG 2026-03-23 11:30:46,742 [main][Log4J2Logger.java:220] : Extension lookup 'ExtensionFilter', but provided ApplicationContext is unset.
DEBUG 2026-03-23 11:30:46,764 [main][Log4J2Logger.java:220] : CONFIGURING GEOSERVER LOGGING -------------------------
23 Mar 11:30:46 CONFIG [geoserver.logging] - Log4j 2 configuration set to DEFAULT_LOGGING.xml
23 Mar 11:30:48 WARN   [geoserver.monitor] - monitoring storage memory not found, falling back to 'memory'
23 Mar 11:30:48 CONFIG [org.geoserver] - GeoServer configuration lock is enabled
23 Mar 11:30:48 CONFIG [org.geoserver] - Loading catalog /opt/geoserver/data_dir
23 Mar 11:30:48 WARN   [org.geoserver] - No 'workspaces' directory found, unable to load any stores.
23 Mar 11:30:48 CONFIG [org.geoserver] - Read catalog in 6.209 ms
23 Mar 11:30:48 CONFIG [org.geoserver] - Loaded service 'WMTSInfoImpl-73ee3f2d:19d1a763778:-7ffb', enabled
23 Mar 11:30:48 CONFIG [org.geoserver] - Loaded service 'csw', enabled
23 Mar 11:30:48 CONFIG [org.geoserver] - Loaded service 'WPSInfoImpl-73ee3f2d:19d1a763778:-7ffa', enabled
23 Mar 11:30:48 CONFIG [org.geoserver] - Loaded service 'WFSInfoImpl-73ee3f2d:19d1a763778:-7ff9', enabled
23 Mar 11:30:48 CONFIG [org.geoserver] - Loaded service 'WMSInfoImpl-73ee3f2d:19d1a763778:-7ff8', enabled
23 Mar 11:30:48 CONFIG [org.geoserver] - Loaded service 'WCSInfoImpl-73ee3f2d:19d1a763778:-7ff7', enabled
23 Mar 11:30:48 CONFIG [gwc.config] - Will look for 'geowebcache.xml' in directory '/opt/geoserver/data_dir/gwc'.
23 Mar 11:30:48 CONFIG [gwc.config] - Create configuration file '/opt/geoserver/data_dir/gwc/geowebcache.xml' from template jar:file:/usr/local/tomcat/webapps/geoserver/WEB-INF/lib/gwc-core-1.24.2.jar!/geowebcache_empty.xml
23 Mar 11:30:48 WARN   [config.XMLConfiguration] - GWC configuration validation error: cvc-elt.1.a: Cannot find the declaration of element 'gwcConfiguration'.
23 Mar 11:30:48 WARN   [config.XMLConfiguration] - Will try to use configuration anyway. Please check the order of declared elements against the schema.
23 Mar 11:30:48 CONFIG [config.XMLConfiguration] - Initializing GridSets from /opt/geoserver/data_dir/gwc
23 Mar 11:30:48 CONFIG [config.XMLConfiguration] - Initializing layers from /opt/geoserver/data_dir/gwc
23 Mar 11:30:48 CONFIG [gwc.layer] - Initializing GWC configuration based on GeoServer's Catalog
23 Mar 11:30:48 CONFIG [gwc.layer] - GeoServer TileLayer store base directory is: gwc-layers
23 Mar 11:30:48 CONFIG [gwc.layer] - Loading tile layers from gwc-layers
23 Mar 11:30:48 CONFIG [gwc.layer] - Loaded 0 tile layers in 2.388 ms
23 Mar 11:30:48 CONFIG [storage.BlobStoreAggregator] - BlobStoreConfiguration /opt/geoserver/data_dir/gwc contained no blob store infos.
23 Mar 11:30:48 CONFIG [storage.DefaultStorageFinder] - Found system environment variableGEOWEBCACHE_CACHE_DIR set to /opt/geoserver/data_dir/gwc, using it as the default prefix.
23 Mar 11:30:48 CONFIG [gwc.config] - Initializing GeoServer specific GWC configuration from gwc-gs.xml
23 Mar 11:30:49 INFO   [flow.config] - Loaded control-flow rule: ows.global=100
23 Mar 11:30:49 INFO   [flow.config] - Loaded control-flow rule: ows.wms.getmap=10
23 Mar 11:30:49 INFO   [flow.config] - Loaded control-flow rule: ows.wfs.getfeature.application/msexcel=4
23 Mar 11:30:49 INFO   [flow.config] - Loaded control-flow rule: user=6
23 Mar 11:30:49 INFO   [flow.config] - Loaded control-flow rule: ows.gwc=16
23 Mar 11:30:49 INFO   [flow.config] - Loaded control-flow rule: user.ows.wps.execute=1000/d;30s
23 Mar 11:30:49 CONFIG [geoserver.flow] - Control-flow active with 6 flow controllers
23 Mar 11:30:50 CONFIG [geowebcache.GeoWebCacheDispatcher] - Invoked setServletPrefix(gwc)
23 Mar 11:30:50 CONFIG [wms.WMSService] - Will NOT recombine tiles for non-tiling clients.
23 Mar 11:30:50 CONFIG [wms.WMSService] - Will proxy requests to backend that are not getmap or getcapabilities.
23 Mar 11:30:50 CONFIG [gwc.config] - Will look for 'geowebcache-diskquota.xml' in directory '/opt/geoserver/data_dir/gwc'.
23 Mar 11:30:50 CONFIG [gwc.config] - Will look for 'geowebcache-diskquota-jdbc.xml' in directory '/opt/geoserver/data_dir/gwc'.
23 Mar 11:30:50 CONFIG [diskquota.ConfigLoader] - Quota config is: /opt/geoserver/data_dir/gwc/geowebcache-diskquota.xml
23 Mar 11:30:50 CONFIG [diskquota.ConfigLoader] - Quota config is: /opt/geoserver/data_dir/gwc/geowebcache-diskquota.xml
23 Mar 11:30:52 WARN   [turbojpeg.TurboJPEGMapResponse] - The turbo jpeg encoder is available for usage
23 Mar 11:30:52 CONFIG [geoserver.wps] - Found 5 bindable processes in GeoServer specific processes
23 Mar 11:30:52 CONFIG [geoserver.wps] - Found 89 bindable processes in Deprecated processes
23 Mar 11:30:52 CONFIG [geoserver.wps] - Found 48 bindable processes in Geometry processes
23 Mar 11:30:52 CONFIG [geoserver.wps] - Found 1 bindable processes in PolygonLabelProcess
23 Mar 11:30:52 CONFIG [geoserver.wps] - Found 1 bindable processes in geo
23 Mar 11:30:52 CONFIG [geoserver.wps] - Found 1 bindable processes in geo
23 Mar 11:30:52 CONFIG [geoserver.wps] - Blacklisting process ras:ConvolveCoverage as the input kernel of type class javax.media.jai.KernelJAI cannot be handled
23 Mar 11:30:52 CONFIG [geoserver.wps] - Blacklisting process ras:RasterZonalStatistics2 as the input zones of type class java.lang.Object cannot be handled
23 Mar 11:30:52 CONFIG [geoserver.wps] - Blacklisting process ras:RasterZonalStatistics2 as the input nodata of type class it.geosolutions.jaiext.range.Range cannot be handled
23 Mar 11:30:52 CONFIG [geoserver.wps] - Blacklisting process ras:RasterZonalStatistics2 as the input rangeData of type class java.lang.Object cannot be handled
23 Mar 11:30:52 CONFIG [geoserver.wps] - Blacklisting process ras:RasterZonalStatistics2 as the output zonal statistics of type interface java.util.List cannot be handled
23 Mar 11:30:52 CONFIG [geoserver.wps] - Found 18 bindable processes in Raster processes
23 Mar 11:30:52 CONFIG [geoserver.wps] - Blacklisting process vec:GroupCandidateSelection as the input groupingAttributes of type class java.lang.Object cannot be handled
23 Mar 11:30:52 CONFIG [geoserver.wps] - Found 31 bindable processes in Vector processes
23 Mar 11:30:53 INFO   [geoserver.monitor] - Monitor extension enabled
23 Mar 11:30:54 CONFIG [diskquota.ConfigLoader] - Quota config is: /opt/geoserver/data_dir/gwc/geowebcache-diskquota.xml
23 Mar 11:30:54 CONFIG [diskquota.DiskQuotaMonitor] - Setting up disk quota periodic enforcement task
23 Mar 11:30:54 CONFIG [diskquota.DiskQuotaMonitor] - 0 layers configured with their own quotas. 
23 Mar 11:30:54 CONFIG [diskquota.DiskQuotaMonitor] - 0 layers attached to global quota 20.0 GB
23 Mar 11:30:54 CONFIG [diskquota.DiskQuotaMonitor] - Disk quota periodic enforcement task set up every 5 SECONDS
23 Mar 11:30:54 CONFIG [geoserver.security] - AuthenticationCache Initialized with 1000 Max Entries, 300 seconds idle time, 600 seconds time to live and 3 concurrency level
23 Mar 11:30:54 CONFIG [geoserver.security] - AuthenticationCache Eviction Task created to run every 600 seconds
23 Mar 11:30:55 CONFIG [geoserver.security] - Start reloading user/groups for service named default
23 Mar 11:30:55 CONFIG [geoserver.security] - Reloading user/groups successful for service named default
23 Mar 11:30:55 INFO   [config.XMLConfiguration] - Wrote configuration to /opt/geoserver/data_dir/gwc
23 Mar 11:47:06 CONFIG [gwc.layer] - GeoServer TileLayer store base directory is: gwc-layers
23 Mar 11:47:06 CONFIG [gwc.layer] - Loading tile layers from gwc-layers
23 Mar 11:47:06 CONFIG [gwc.layer] - Loaded 0 tile layers in 733.6 μs
23 Mar 11:47:06 INFO   [jdbc.JDBCQuotaStore] - Closing up the JDBC quota store 
23 Mar 11:47:06 WARN   [support.DisposableBeanAdapter] - Custom destroy method 'destroy' on bean with name 'gwcMemoryBlobStore' threw an exception: java.util.concurrent.RejectedExecutionException: Task java.util.concurrent.FutureTask@5d4390fd[Not completed, task = org.geowebcache.storage.blobstore.memory.MemoryBlobStore$BlobStoreTask@27479f6c] rejected from java.util.concurrent.ThreadPoolExecutor@b59c23f[Terminated, pool size = 0, active threads = 0, queued tasks = 0, completed tasks = 1]
23 Mar 11:47:06 INFO   [geoserver.logging] - Beginning GeoServer cleanup sequence
CONFIG 2026-03-23 11:47:23,756 [main][Log4J2Logger.java:215] : Logging policy: Log4J2
CONFIG 2026-03-23 11:47:23,867 [main][Log4J2Logger.java:189] : Factory implementations for category GridCoverageFactory:
  org.geotools.coverage.grid.GridCoverageFactory
CONFIG 2026-03-23 11:47:24,056 [main][Log4J2Logger.java:189] : Factory implementations for category FilterFactory:
  org.geotools.filter.FilterFactoryImpl
CONFIG 2026-03-23 11:47:24,066 [main][Log4J2Logger.java:189] : Factory implementations for category StyleFactory:
  org.geotools.styling.StyleFactoryImpl
CONFIG 2026-03-23 11:47:24,069 [main][Log4J2Logger.java:189] : Factory implementations for category FeatureFactory:
  org.geotools.feature.LenientFeatureFactoryImpl
  org.geotools.feature.ValidatingFeatureFactoryImpl
DEBUG 2026-03-23 11:47:24,273 [main][Log4J2Logger.java:220] : Extension lookup 'XStreamPersisterInitializer', prior to bean geoserverExtensions initialisation.
DEBUG 2026-03-23 11:47:24,274 [main][Log4J2Logger.java:220] : Extension lookup 'ExtensionFilter', prior to bean geoserverExtensions initialisation.
DEBUG 2026-03-23 11:47:24,276 [main][Log4J2Logger.java:220] : Extension lookup 'ExtensionProvider', but provided ApplicationContext is unset.
DEBUG 2026-03-23 11:47:24,277 [main][Log4J2Logger.java:220] : Extension lookup 'ExtensionFilter', but provided ApplicationContext is unset.
DEBUG 2026-03-23 11:47:24,295 [main][Log4J2Logger.java:220] : CONFIGURING GEOSERVER LOGGING -------------------------
23 Mar 11:47:24 CONFIG [geoserver.logging] - Log4j 2 configuration set to DEFAULT_LOGGING.xml
23 Mar 11:47:25 WARN   [geoserver.monitor] - monitoring storage memory not found, falling back to 'memory'
23 Mar 11:47:25 CONFIG [org.geoserver] - GeoServer configuration lock is enabled
23 Mar 11:47:25 CONFIG [org.geoserver] - Loading catalog /opt/geoserver/data_dir
23 Mar 11:47:26 CONFIG [org.geoserver] - Loaded style 'polygon'
23 Mar 11:47:26 CONFIG [org.geoserver] - Loaded style 'point'
23 Mar 11:47:26 CONFIG [org.geoserver] - Loaded style 'generic'
23 Mar 11:47:26 CONFIG [org.geoserver] - Loaded style 'line'
23 Mar 11:47:26 CONFIG [org.geoserver] - Loaded style 'raster'
23 Mar 11:47:26 WARN   [org.geoserver] - No 'workspaces' directory found, unable to load any stores.
23 Mar 11:47:26 CONFIG [org.geoserver] - Read catalog in 69.74 ms
23 Mar 11:47:26 CONFIG [org.geoserver] - Loaded service 'WMTSInfoImpl-30fd5470:19d1a857173:-8000', enabled
23 Mar 11:47:26 CONFIG [org.geoserver] - Loaded service 'csw', enabled
23 Mar 11:47:26 CONFIG [org.geoserver] - Loaded service 'WPSInfoImpl-73ee3f2d:19d1a763778:-7ffa', enabled
23 Mar 11:47:26 CONFIG [org.geoserver] - Loaded service 'WFSInfoImpl-30fd5470:19d1a857173:-7fff', enabled
23 Mar 11:47:26 CONFIG [org.geoserver] - Loaded service 'WMSInfoImpl-30fd5470:19d1a857173:-7ffe', enabled
23 Mar 11:47:26 CONFIG [org.geoserver] - Loaded service 'WCSInfoImpl-30fd5470:19d1a857173:-7ffd', enabled
23 Mar 11:47:26 CONFIG [gwc.config] - Will look for 'geowebcache.xml' in directory '/opt/geoserver/data_dir/gwc'.
23 Mar 11:47:26 CONFIG [config.XMLConfiguration] - TileLayerConfiguration file validated fine.
23 Mar 11:47:26 CONFIG [config.XMLConfiguration] - Initializing GridSets from /opt/geoserver/data_dir/gwc
23 Mar 11:47:26 INFO   [config.XMLConfiguration] - Read GridSet InspireCRS84Quad
23 Mar 11:47:26 CONFIG [config.XMLConfiguration] - Initializing layers from /opt/geoserver/data_dir/gwc
23 Mar 11:47:26 CONFIG [gwc.layer] - Initializing GWC configuration based on GeoServer's Catalog
23 Mar 11:47:26 CONFIG [gwc.layer] - GeoServer TileLayer store base directory is: gwc-layers
23 Mar 11:47:26 CONFIG [gwc.layer] - Loading tile layers from gwc-layers
23 Mar 11:47:26 CONFIG [gwc.layer] - Loaded 0 tile layers in 1.962 ms
23 Mar 11:47:26 CONFIG [storage.BlobStoreAggregator] - BlobStoreConfiguration /opt/geoserver/data_dir/gwc contained no blob store infos.
23 Mar 11:47:26 CONFIG [storage.DefaultStorageFinder] - Found system environment variableGEOWEBCACHE_CACHE_DIR set to /opt/geoserver/data_dir/gwc, using it as the default prefix.
23 Mar 11:47:26 CONFIG [gwc.config] - Initializing GeoServer specific GWC configuration from gwc-gs.xml
23 Mar 11:47:27 INFO   [flow.config] - Loaded control-flow rule: ows.global=100
23 Mar 11:47:27 INFO   [flow.config] - Loaded control-flow rule: ows.wms.getmap=10
23 Mar 11:47:27 INFO   [flow.config] - Loaded control-flow rule: ows.wfs.getfeature.application/msexcel=4
23 Mar 11:47:27 INFO   [flow.config] - Loaded control-flow rule: user=6
23 Mar 11:47:27 INFO   [flow.config] - Loaded control-flow rule: ows.gwc=16
23 Mar 11:47:27 INFO   [flow.config] - Loaded control-flow rule: user.ows.wps.execute=1000/d;30s
23 Mar 11:47:27 CONFIG [geoserver.flow] - Control-flow active with 6 flow controllers
23 Mar 11:47:27 CONFIG [geowebcache.GeoWebCacheDispatcher] - Invoked setServletPrefix(gwc)
23 Mar 11:47:27 CONFIG [wms.WMSService] - Will NOT recombine tiles for non-tiling clients.
23 Mar 11:47:27 CONFIG [wms.WMSService] - Will proxy requests to backend that are not getmap or getcapabilities.
23 Mar 11:47:27 CONFIG [gwc.config] - Will look for 'geowebcache-diskquota.xml' in directory '/opt/geoserver/data_dir/gwc'.
23 Mar 11:47:27 CONFIG [gwc.config] - Will look for 'geowebcache-diskquota-jdbc.xml' in directory '/opt/geoserver/data_dir/gwc'.
23 Mar 11:47:27 CONFIG [diskquota.ConfigLoader] - Quota config is: /opt/geoserver/data_dir/gwc/geowebcache-diskquota.xml
23 Mar 11:47:27 CONFIG [diskquota.ConfigLoader] - Quota config is: /opt/geoserver/data_dir/gwc/geowebcache-diskquota.xml
23 Mar 11:47:30 WARN   [turbojpeg.TurboJPEGMapResponse] - The turbo jpeg encoder is available for usage
23 Mar 11:47:30 CONFIG [geoserver.wps] - Found 5 bindable processes in GeoServer specific processes
23 Mar 11:47:30 CONFIG [geoserver.wps] - Found 89 bindable processes in Deprecated processes
23 Mar 11:47:30 CONFIG [geoserver.wps] - Found 48 bindable processes in Geometry processes
23 Mar 11:47:30 CONFIG [geoserver.wps] - Found 1 bindable processes in PolygonLabelProcess
23 Mar 11:47:30 CONFIG [geoserver.wps] - Found 1 bindable processes in geo
23 Mar 11:47:30 CONFIG [geoserver.wps] - Found 1 bindable processes in geo
23 Mar 11:47:30 CONFIG [geoserver.wps] - Blacklisting process ras:ConvolveCoverage as the input kernel of type class javax.media.jai.KernelJAI cannot be handled
23 Mar 11:47:30 CONFIG [geoserver.wps] - Blacklisting process ras:RasterZonalStatistics2 as the input zones of type class java.lang.Object cannot be handled
23 Mar 11:47:30 CONFIG [geoserver.wps] - Blacklisting process ras:RasterZonalStatistics2 as the input nodata of type class it.geosolutions.jaiext.range.Range cannot be handled
23 Mar 11:47:30 CONFIG [geoserver.wps] - Blacklisting process ras:RasterZonalStatistics2 as the input rangeData of type class java.lang.Object cannot be handled
23 Mar 11:47:30 CONFIG [geoserver.wps] - Blacklisting process ras:RasterZonalStatistics2 as the output zonal statistics of type interface java.util.List cannot be handled
23 Mar 11:47:30 CONFIG [geoserver.wps] - Found 18 bindable processes in Raster processes
23 Mar 11:47:30 CONFIG [geoserver.wps] - Blacklisting process vec:GroupCandidateSelection as the input groupingAttributes of type class java.lang.Object cannot be handled
23 Mar 11:47:30 CONFIG [geoserver.wps] - Found 31 bindable processes in Vector processes
23 Mar 11:47:30 INFO   [geoserver.monitor] - Monitor extension enabled
23 Mar 11:47:31 CONFIG [diskquota.ConfigLoader] - Quota config is: /opt/geoserver/data_dir/gwc/geowebcache-diskquota.xml
23 Mar 11:47:31 CONFIG [diskquota.DiskQuotaMonitor] - Setting up disk quota periodic enforcement task
23 Mar 11:47:31 CONFIG [diskquota.DiskQuotaMonitor] - 0 layers configured with their own quotas. 
23 Mar 11:47:31 CONFIG [diskquota.DiskQuotaMonitor] - 0 layers attached to global quota 20.0 GB
23 Mar 11:47:31 CONFIG [diskquota.DiskQuotaMonitor] - Disk quota periodic enforcement task set up every 5 SECONDS
23 Mar 11:47:32 CONFIG [geoserver.security] - Start reloading user/groups for service named default
23 Mar 11:47:32 CONFIG [geoserver.security] - Reloading user/groups successful for service named default
23 Mar 11:47:32 CONFIG [geoserver.security] - AuthenticationCache Initialized with 1000 Max Entries, 300 seconds idle time, 600 seconds time to live and 3 concurrency level
23 Mar 11:47:32 CONFIG [geoserver.security] - AuthenticationCache Eviction Task created to run every 600 seconds
